#
# There is insufficient memory for the Java Runtime Environment to continue.
# Native memory allocation (malloc) failed to allocate 900496 bytes for Chunk::new
# Possible reasons:
#   The system is out of physical RAM or swap space
#   In 32 bit mode, the process size limit was hit
# Possible solutions:
#   Reduce memory load on the system
#   Increase physical memory or swap space
#   Check if swap backing store is full
#   Use 64 bit Java on a 64 bit OS
#   Decrease Java heap size (-Xmx/-Xms)
#   Decrease number of Java threads
#   Decrease Java thread stack sizes (-Xss)
#   Set larger code cache with -XX:ReservedCodeCacheSize=
# This output file may be truncated or incomplete.
#
#  Out of Memory Error (allocation.cpp:390), pid=14568, tid=0x0000000000003920
#
# JRE version: Java(TM) SE Runtime Environment (8.0_151-b12) (build 1.8.0_151-b12)
# Java VM: Java HotSpot(TM) 64-Bit Server VM (25.151-b12 mixed mode windows-amd64 compressed oops)
# Failed to write core dump. Minidumps are not enabled by default on client versions of Windows
#

---------------  T H R E A D  ---------------

Current thread (0x00000000174d8800):  JavaThread "C2 CompilerThread2" daemon [_thread_in_native, id=14624, stack(0x0000000017e40000,0x0000000017f40000)]

Stack: [0x0000000017e40000,0x0000000017f40000]
[error occurred during error reporting (printing stack bounds), id 0xc0000005]

Native frames: (J=compiled Java code, j=interpreted, Vv=VM code, C=native code)


Current CompileTask:
C2:   2903 1746   !   4       com.android.dx.cf.code.Ropper::processBlock (1101 bytes)


---------------  P R O C E S S  ---------------

Java Threads: ( => current thread )
  0x00000000174f4000 JavaThread "Service Thread" daemon [_thread_blocked, id=1996, stack(0x0000000018040000,0x0000000018140000)]
  0x00000000174de000 JavaThread "C1 CompilerThread3" daemon [_thread_blocked, id=15332, stack(0x0000000017f40000,0x0000000018040000)]
=>0x00000000174d8800 JavaThread "C2 CompilerThread2" daemon [_thread_in_native, id=14624, stack(0x0000000017e40000,0x0000000017f40000)]
  0x00000000174cf800 JavaThread "C2 CompilerThread1" daemon [_thread_in_native, id=6372, stack(0x0000000017d40000,0x0000000017e40000)]
  0x000000001747c800 JavaThread "C2 CompilerThread0" daemon [_thread_in_native, id=14552, stack(0x0000000017c40000,0x0000000017d40000)]
  0x000000001747a800 JavaThread "Attach Listener" daemon [_thread_blocked, id=9668, stack(0x0000000017b40000,0x0000000017c40000)]
  0x0000000017479800 JavaThread "Signal Dispatcher" daemon [_thread_blocked, id=15280, stack(0x0000000017a40000,0x0000000017b40000)]
  0x0000000017470800 JavaThread "Finalizer" daemon [_thread_blocked, id=13540, stack(0x0000000017850000,0x0000000017950000)]
  0x0000000002a5a000 JavaThread "Reference Handler" daemon [_thread_blocked, id=7100, stack(0x0000000017350000,0x0000000017450000)]
  0x000000000295e800 JavaThread "main" [_thread_in_Java, id=1284, stack(0x0000000002780000,0x0000000002880000)]

Other Threads:
  0x000000001557a000 VMThread [stack: 0x0000000017250000,0x0000000017350000] [id=904]
  0x00000000174ff000 WatcherThread [stack: 0x0000000018140000,0x0000000018240000] [id=5264]

VM state:not at safepoint (normal execution)

VM Mutex/Monitor currently owned by a thread: None

Heap:
 PSYoungGen      total 71680K, used 26402K [0x00000000eab00000, 0x00000000ef600000, 0x0000000100000000)
  eden space 66560K, 32% used [0x00000000eab00000,0x00000000ebfce890,0x00000000eec00000)
  from space 5120K, 99% used [0x00000000eec00000,0x00000000ef0fa0c8,0x00000000ef100000)
  to   space 5120K, 0% used [0x00000000ef100000,0x00000000ef100000,0x00000000ef600000)
 ParOldGen       total 87552K, used 16057K [0x00000000c0000000, 0x00000000c5580000, 0x00000000eab00000)
  object space 87552K, 18% used [0x00000000c0000000,0x00000000c0fae790,0x00000000c5580000)
 Metaspace       used 6471K, capacity 7320K, committed 7680K, reserved 1056768K
  class space    used 623K, capacity 656K, committed 768K, reserved 1048576K

Card table byte_map: [0x0000000011e20000,0x0000000012030000] byte_map_base: 0x0000000011820000

Marking Bits: (ParMarkBitMap*) 0x000000006294d850
 Begin Bits: [0x0000000012990000, 0x0000000013990000)
 End Bits:   [0x0000000013990000, 0x0000000014990000)

Polling page: 0x00000000009d0000

CodeCache: size=245760Kb used=7453Kb max_used=7466Kb free=238306Kb
 bounds [0x0000000002a60000, 0x00000000031c0000, 0x0000000011a60000]
 total_blobs=2169 nmethods=1905 adapters=176
 compilation: enabled

Compilation events (10 events):
Event: 2.853 Thread 0x00000000174de000 2008       2       com.android.dx.rop.code.RegisterSpec::isCategory2 (13 bytes)
Event: 2.853 Thread 0x00000000174de000 nmethod 2008 0x00000000031aa610 code [0x00000000031aa780, 0x00000000031aa918]
Event: 2.853 Thread 0x00000000174de000 2010       2       com.android.dx.dex.code.FixedSizeInsn::codeSize (11 bytes)
Event: 2.853 Thread 0x00000000174de000 nmethod 2010 0x00000000031aaa10 code [0x00000000031aab80, 0x00000000031aad08]
Event: 2.863 Thread 0x00000000174cf800 nmethod 1959 0x00000000031ae350 code [0x00000000031ae4e0, 0x00000000031aee18]
Event: 2.863 Thread 0x00000000174cf800 1960       4       java.util.TreeMap::successor (66 bytes)
Event: 2.864 Thread 0x00000000174cf800 nmethod 1960 0x00000000031ab3d0 code [0x00000000031ab500, 0x00000000031ab5b8]
Event: 2.864 Thread 0x00000000174cf800 1747       4       com.android.dx.ssa.SsaBasicBlock::getRopLabelSuccessorList (57 bytes)
Event: 2.874 Thread 0x00000000174cf800 nmethod 1747 0x00000000031abf10 code [0x00000000031ac0a0, 0x00000000031ac7b8]
Event: 2.874 Thread 0x00000000174cf800 1919       4       com.android.dx.dex.code.OutputFinisher::addConstants (93 bytes)

GC Heap History (6 events):
Event: 1.022 GC heap before
{Heap before GC invocations=1 (full 0):
 PSYoungGen      total 38400K, used 33280K [0x00000000eab00000, 0x00000000ed580000, 0x0000000100000000)
  eden space 33280K, 100% used [0x00000000eab00000,0x00000000ecb80000,0x00000000ecb80000)
  from space 5120K, 0% used [0x00000000ed080000,0x00000000ed080000,0x00000000ed580000)
  to   space 5120K, 0% used [0x00000000ecb80000,0x00000000ecb80000,0x00000000ed080000)
 ParOldGen       total 87552K, used 0K [0x00000000c0000000, 0x00000000c5580000, 0x00000000eab00000)
  object space 87552K, 0% used [0x00000000c0000000,0x00000000c0000000,0x00000000c5580000)
 Metaspace       used 5944K, capacity 6898K, committed 7040K, reserved 1056768K
  class space    used 604K, capacity 618K, committed 640K, reserved 1048576K
Event: 1.147 GC heap after
Heap after GC invocations=1 (full 0):
 PSYoungGen      total 38400K, used 5115K [0x00000000eab00000, 0x00000000ef600000, 0x0000000100000000)
  eden space 33280K, 0% used [0x00000000eab00000,0x00000000eab00000,0x00000000ecb80000)
  from space 5120K, 99% used [0x00000000ecb80000,0x00000000ed07eda0,0x00000000ed080000)
  to   space 5120K, 0% used [0x00000000ef100000,0x00000000ef100000,0x00000000ef600000)
 ParOldGen       total 87552K, used 1415K [0x00000000c0000000, 0x00000000c5580000, 0x00000000eab00000)
  object space 87552K, 1% used [0x00000000c0000000,0x00000000c0161e60,0x00000000c5580000)
 Metaspace       used 5944K, capacity 6898K, committed 7040K, reserved 1056768K
  class space    used 604K, capacity 618K, committed 640K, reserved 1048576K
}
Event: 1.601 GC heap before
{Heap before GC invocations=2 (full 0):
 PSYoungGen      total 38400K, used 38395K [0x00000000eab00000, 0x00000000ef600000, 0x0000000100000000)
  eden space 33280K, 100% used [0x00000000eab00000,0x00000000ecb80000,0x00000000ecb80000)
  from space 5120K, 99% used [0x00000000ecb80000,0x00000000ed07eda0,0x00000000ed080000)
  to   space 5120K, 0% used [0x00000000ef100000,0x00000000ef100000,0x00000000ef600000)
 ParOldGen       total 87552K, used 1415K [0x00000000c0000000, 0x00000000c5580000, 0x00000000eab00000)
  object space 87552K, 1% used [0x00000000c0000000,0x00000000c0161e60,0x00000000c5580000)
 Metaspace       used 6124K, capacity 7090K, committed 7296K, reserved 1056768K
  class space    used 604K, capacity 618K, committed 640K, reserved 1048576K
Event: 1.718 GC heap after
Heap after GC invocations=2 (full 0):
 PSYoungGen      total 71680K, used 5112K [0x00000000eab00000, 0x00000000ef600000, 0x0000000100000000)
  eden space 66560K, 0% used [0x00000000eab00000,0x00000000eab00000,0x00000000eec00000)
  from space 5120K, 99% used [0x00000000ef100000,0x00000000ef5fe398,0x00000000ef600000)
  to   space 5120K, 0% used [0x00000000eec00000,0x00000000eec00000,0x00000000ef100000)
 ParOldGen       total 87552K, used 6195K [0x00000000c0000000, 0x00000000c5580000, 0x00000000eab00000)
  object space 87552K, 7% used [0x00000000c0000000,0x00000000c060cd18,0x00000000c5580000)
 Metaspace       used 6124K, capacity 7090K, committed 7296K, reserved 1056768K
  class space    used 604K, capacity 618K, committed 640K, reserved 1048576K
}
Event: 2.506 GC heap before
{Heap before GC invocations=3 (full 0):
 PSYoungGen      total 71680K, used 71672K [0x00000000eab00000, 0x00000000ef600000, 0x0000000100000000)
  eden space 66560K, 100% used [0x00000000eab00000,0x00000000eec00000,0x00000000eec00000)
  from space 5120K, 99% used [0x00000000ef100000,0x00000000ef5fe398,0x00000000ef600000)
  to   space 5120K, 0% used [0x00000000eec00000,0x00000000eec00000,0x00000000ef100000)
 ParOldGen       total 87552K, used 6195K [0x00000000c0000000, 0x00000000c5580000, 0x00000000eab00000)
  object space 87552K, 7% used [0x00000000c0000000,0x00000000c060cd18,0x00000000c5580000)
 Metaspace       used 6229K, capacity 7154K, committed 7296K, reserved 1056768K
  class space    used 604K, capacity 618K, committed 640K, reserved 1048576K
Event: 2.583 GC heap after
Heap after GC invocations=3 (full 0):
 PSYoungGen      total 71680K, used 5096K [0x00000000eab00000, 0x00000000ef600000, 0x0000000100000000)
  eden space 66560K, 0% used [0x00000000eab00000,0x00000000eab00000,0x00000000eec00000)
  from space 5120K, 99% used [0x00000000eec00000,0x00000000ef0fa0c8,0x00000000ef100000)
  to   space 5120K, 0% used [0x00000000ef100000,0x00000000ef100000,0x00000000ef600000)
 ParOldGen       total 87552K, used 16057K [0x00000000c0000000, 0x00000000c5580000, 0x00000000eab00000)
  object space 87552K, 18% used [0x00000000c0000000,0x00000000c0fae790,0x00000000c5580000)
 Metaspace       used 6229K, capacity 7154K, committed 7296K, reserved 1056768K
  class space    used 604K, capacity 618K, committed 640K, reserved 1048576K
}

Deoptimization events (10 events):
Event: 2.691 Thread 0x000000000295e800 Uncommon trap: reason=class_check action=maybe_recompile pc=0x0000000002ed81f8 method=java.util.Arrays.hashCode([Ljava/lang/Object;)I @ 43
Event: 2.701 Thread 0x000000000295e800 Uncommon trap: reason=bimorphic action=maybe_recompile pc=0x0000000002c69cd8 method=java.util.HashMap.getNode(ILjava/lang/Object;)Ljava/util/HashMap$Node; @ 126
Event: 2.702 Thread 0x000000000295e800 Uncommon trap: reason=bimorphic action=maybe_recompile pc=0x0000000002c69cd8 method=java.util.HashMap.getNode(ILjava/lang/Object;)Ljava/util/HashMap$Node; @ 126
Event: 2.702 Thread 0x000000000295e800 Uncommon trap: reason=bimorphic action=maybe_recompile pc=0x0000000002c69cd8 method=java.util.HashMap.getNode(ILjava/lang/Object;)Ljava/util/HashMap$Node; @ 126
Event: 2.702 Thread 0x000000000295e800 Uncommon trap: reason=bimorphic action=maybe_recompile pc=0x0000000002c69cd8 method=java.util.HashMap.getNode(ILjava/lang/Object;)Ljava/util/HashMap$Node; @ 126
Event: 2.709 Thread 0x000000000295e800 Uncommon trap: reason=class_check action=maybe_recompile pc=0x0000000002f2da18 method=java.util.HashMap.putVal(ILjava/lang/Object;Ljava/lang/Object;ZZ)Ljava/lang/Object; @ 203
Event: 2.711 Thread 0x000000000295e800 Uncommon trap: reason=class_check action=maybe_recompile pc=0x0000000002f2da18 method=java.util.HashMap.putVal(ILjava/lang/Object;Ljava/lang/Object;ZZ)Ljava/lang/Object; @ 203
Event: 2.715 Thread 0x000000000295e800 Uncommon trap: reason=class_check action=maybe_recompile pc=0x0000000002f2da18 method=java.util.HashMap.putVal(ILjava/lang/Object;Ljava/lang/Object;ZZ)Ljava/lang/Object; @ 203
Event: 2.715 Thread 0x000000000295e800 Uncommon trap: reason=class_check action=maybe_recompile pc=0x0000000002f2da18 method=java.util.HashMap.putVal(ILjava/lang/Object;Ljava/lang/Object;ZZ)Ljava/lang/Object; @ 203
Event: 2.715 Thread 0x000000000295e800 Uncommon trap: reason=class_check action=maybe_recompile pc=0x0000000002e4a8dc method=java.util.HashMap.putVal(ILjava/lang/Object;Ljava/lang/Object;ZZ)Ljava/lang/Object; @ 203

Internal exceptions (4 events):
Event: 0.042 Thread 0x000000000295e800 Exception <a 'java/lang/NoSuchMethodError': Method sun.misc.Unsafe.defineClass(Ljava/lang/String;[BII)Ljava/lang/Class; name or signature does not match> (0x00000000eab07ca8) thrown at [C:\re\workspace\8-2-build-windows-amd64-cygwin\jdk8u151\9699\hotspot\
Event: 0.042 Thread 0x000000000295e800 Exception <a 'java/lang/NoSuchMethodError': Method sun.misc.Unsafe.prefetchRead(Ljava/lang/Object;J)V name or signature does not match> (0x00000000eab07f90) thrown at [C:\re\workspace\8-2-build-windows-amd64-cygwin\jdk8u151\9699\hotspot\src\share\vm\prims
Event: 0.943 Thread 0x000000001774d800 Implicit null exception at 0x0000000002d25e16 to 0x0000000002d27699
Event: 1.164 Thread 0x000000001774d800 Implicit null exception at 0x0000000002d25662 to 0x0000000002d2575a

Events (10 events):
Event: 2.846 loading class com/android/dx/dex/code/CatchHandlerList
Event: 2.846 loading class com/android/dx/dex/code/CatchHandlerList done
Event: 2.846 loading class com/android/dx/dex/code/CatchTable
Event: 2.846 loading class com/android/dx/dex/code/CatchTable done
Event: 2.848 loading class com/android/dx/dex/code/CatchHandlerList$Entry
Event: 2.848 loading class com/android/dx/dex/code/CatchHandlerList$Entry done
Event: 2.849 loading class com/android/dx/dex/code/CatchTable$Entry
Event: 2.849 loading class com/android/dx/dex/code/CatchTable$Entry done
Event: 2.849 loading class com/android/dx/util/ByteArrayAnnotatedOutput
Event: 2.849 loading class com/android/dx/util/ByteArrayAnnotatedOutput done


Dynamic libraries:
0x00007ff790960000 - 0x00007ff790997000 	C:\Program Files\Java\jdk1.8.0_151\bin\java.exe
0x00007ffbf2060000 - 0x00007ffbf2241000 	C:\WINDOWS\SYSTEM32\ntdll.dll
0x00007ffbf1570000 - 0x00007ffbf1622000 	C:\WINDOWS\System32\KERNEL32.DLL
0x00007ffbeece0000 - 0x00007ffbeef53000 	C:\WINDOWS\System32\KERNELBASE.dll
0x00007ffbf1f80000 - 0x00007ffbf2021000 	C:\WINDOWS\System32\ADVAPI32.dll
0x00007ffbf0ce0000 - 0x00007ffbf0d7e000 	C:\WINDOWS\System32\msvcrt.dll
0x00007ffbef820000 - 0x00007ffbef87b000 	C:\WINDOWS\System32\sechost.dll
0x00007ffbef6c0000 - 0x00007ffbef7e4000 	C:\WINDOWS\System32\RPCRT4.dll
0x00007ffbf1090000 - 0x00007ffbf1220000 	C:\WINDOWS\System32\USER32.dll
0x00007ffbeefb0000 - 0x00007ffbeefd0000 	C:\WINDOWS\System32\win32u.dll
0x00007ffbf1630000 - 0x00007ffbf1658000 	C:\WINDOWS\System32\GDI32.dll
0x00007ffbeeb40000 - 0x00007ffbeecd2000 	C:\WINDOWS\System32\gdi32full.dll
0x00007ffbef3d0000 - 0x00007ffbef46f000 	C:\WINDOWS\System32\msvcp_win.dll
0x00007ffbeefd0000 - 0x00007ffbef0ca000 	C:\WINDOWS\System32\ucrtbase.dll
0x00007ffbe0ec0000 - 0x00007ffbe1129000 	C:\WINDOWS\WinSxS\amd64_microsoft.windows.common-controls_6595b64144ccf1df_6.0.17134.112_none_fb3f961b30681c12\COMCTL32.dll
0x00007ffbf1bd0000 - 0x00007ffbf1ef3000 	C:\WINDOWS\System32\combase.dll
0x00007ffbef470000 - 0x00007ffbef4ea000 	C:\WINDOWS\System32\bcryptPrimitives.dll
0x00007ffbef7f0000 - 0x00007ffbef81d000 	C:\WINDOWS\System32\IMM32.DLL
0x0000000065a50000 - 0x0000000065b22000 	C:\Program Files\Java\jdk1.8.0_151\jre\bin\msvcr100.dll
0x0000000062130000 - 0x00000000629cd000 	C:\Program Files\Java\jdk1.8.0_151\jre\bin\server\jvm.dll
0x00007ffbf1b20000 - 0x00007ffbf1b28000 	C:\WINDOWS\System32\PSAPI.DLL
0x00007ffbeaba0000 - 0x00007ffbeaba9000 	C:\WINDOWS\SYSTEM32\WSOCK32.dll
0x00007ffbe7bc0000 - 0x00007ffbe7be3000 	C:\WINDOWS\SYSTEM32\WINMM.dll
0x00007ffbf1660000 - 0x00007ffbf16cc000 	C:\WINDOWS\System32\WS2_32.dll
0x00007ffbe6f10000 - 0x00007ffbe6f1a000 	C:\WINDOWS\SYSTEM32\VERSION.dll
0x00007ffbe7af0000 - 0x00007ffbe7b1a000 	C:\WINDOWS\SYSTEM32\WINMMBASE.dll
0x00007ffbeef60000 - 0x00007ffbeefa9000 	C:\WINDOWS\System32\cfgmgr32.dll
0x0000000065a40000 - 0x0000000065a4f000 	C:\Program Files\Java\jdk1.8.0_151\jre\bin\verify.dll
0x0000000065a10000 - 0x0000000065a39000 	C:\Program Files\Java\jdk1.8.0_151\jre\bin\java.dll
0x00000000659f0000 - 0x0000000065a06000 	C:\Program Files\Java\jdk1.8.0_151\jre\bin\zip.dll
0x00007ffbef8a0000 - 0x00007ffbf0ce0000 	C:\WINDOWS\System32\SHELL32.dll
0x00007ffbf0fe0000 - 0x00007ffbf1089000 	C:\WINDOWS\System32\shcore.dll
0x00007ffbee430000 - 0x00007ffbeeb3d000 	C:\WINDOWS\System32\windows.storage.dll
0x00007ffbf0d80000 - 0x00007ffbf0dd1000 	C:\WINDOWS\System32\shlwapi.dll
0x00007ffbee390000 - 0x00007ffbee3a1000 	C:\WINDOWS\System32\kernel.appcore.dll
0x00007ffbee3b0000 - 0x00007ffbee3cf000 	C:\WINDOWS\System32\profapi.dll
0x00007ffbee3e0000 - 0x00007ffbee42c000 	C:\WINDOWS\System32\powrprof.dll
0x00007ffbee3d0000 - 0x00007ffbee3da000 	C:\WINDOWS\System32\FLTLIB.DLL

VM Arguments:
jvm_args: -Djava.awt.headless=true -Xmx1024M -Dfile.encoding=windows-1252 -Duser.country=US -Duser.language=en -Duser.variant 
java_command: com.android.dx.command.Main --dex --num-threads=4 --output D:\Projects\GPS_LIVE\android\app\build\intermediates\pre-dexed\debug\com.facebook.fresco-imagepipeline-1.3.0_2cbcc1e64bc2d6dc622a39e8116693a906051ae9.jar D:\Projects\GPS_LIVE\android\app\build\intermediates\exploded-aar\com.facebook.fresco\imagepipeline\1.3.0\jars\classes.jar
java_class_path (initial): C:\Users\MSI\AppData\Local\Android\Sdk\build-tools\23.0.1\lib\dx.jar
Launcher Type: SUN_STANDARD

Environment Variables:
CLASSPATH=D:\Projects\GPS_LIVE\android\\gradle\wrapper\gradle-wrapper.jar
PATH=C:\Program Files\Git\mingw64\bin;C:\Program Files\Git\usr\bin;C:\Users\MSI\bin;C:\Program Files (x86)\Common Files\Oracle\Java\javapath;C:\ProgramData\Oracle\Java\javapath;C:\Windows\system32;C:\Windows;C:\Windows\System32\Wbem;C:\Windows\System32\WindowsPowerShell\v1.0;C:\Program Files (x86)\NVIDIA Corporation\PhysX\Common;C:\Program Files\Intel\WiFi\bin;C:\Program Files\Common Files\Intel\WirelessCommon;C:\Program Files (x86)\Skype\Phone;C:\WINDOWS\system32;C:\WINDOWS;C:\WINDOWS\System32\Wbem;C:\WINDOWS\System32\WindowsPowerShell\v1.0;C:\WINDOWS\system32\config\systemprofile\.dnx\bin;C:\Program Files\Microsoft DNX\Dnvm;C:\Program Files\Microsoft SQL Server\120\Tools\Binn;C:\WINDOWS\System32\OpenSSH;C:\Program Files\Git\cmd;C:\Program Files\nodejs;C:\ProgramData\chocolatey\bin;C:\Program Files\Java\jdk1.8.0_151;C:\Program Files\Intel\WiFi\bin;C:\Program Files\Common Files\Intel\WirelessCommon;C:\Users\MSI\AppData\Local\Microsoft\WindowsApps;C:\Program Files\Microsoft VS Code\bin;C:\Users\MSI\AppData\Roaming\npm;C:\Program Files\nodejs;C:\Users\MSI\AppData\Local\Android\sdk\platform-tools
USERNAME=MSI
OS=Windows_NT
PROCESSOR_IDENTIFIER=Intel64 Family 6 Model 94 Stepping 3, GenuineIntel



---------------  S Y S T E M  ---------------

OS: Windows 10.0 , 64 bit Build 17134 (10.0.17134.1)

CPU:total 8 (initial active 8) (4 cores per cpu, 2 threads per core) family 6 model 94 stepping 3, cmov, cx8, fxsr, mmx, sse, sse2, sse3, ssse3, sse4.1, sse4.2, popcnt, avx, avx2, aes, clmul, erms, rtm, 3dnowpref, lzcnt, ht, tsc, tscinvbit, bmi1, bmi2, adx

Memory: 4k page, physical 8298016k(1089384k free), swap 11688308k(5500k free)

vm_info: Java HotSpot(TM) 64-Bit Server VM (25.151-b12) for windows-amd64 JRE (1.8.0_151-b12), built on Sep  5 2017 19:33:46 by "java_re" with MS VC++ 10.0 (VS2010)

time: Wed Jun 27 16:30:35 2018
elapsed time: 2 seconds (0d 0h 0m 2s)

