#
# There is insufficient memory for the Java Runtime Environment to continue.
# Native memory allocation (malloc) failed to allocate 1048576 bytes for AllocateHeap
# Possible reasons:
#   The system is out of physical RAM or swap space
#   In 32 bit mode, the process size limit was hit
# Possible solutions:
#   Reduce memory load on the system
#   Increase physical memory or swap space
#   Check if swap backing store is full
#   Use 64 bit Java on a 64 bit OS
#   Decrease Java heap size (-Xmx/-Xms)
#   Decrease number of Java threads
#   Decrease Java thread stack sizes (-Xss)
#   Set larger code cache with -XX:ReservedCodeCacheSize=
# This output file may be truncated or incomplete.
#
#  Out of Memory Error (memory/allocation.inline.hpp:61), pid=7320, tid=0x0000000000000e40
#
# JRE version:  (8.0_151-b12) (build )
# Java VM: Java HotSpot(TM) 64-Bit Server VM (25.151-b12 mixed mode windows-amd64 compressed oops)
# Failed to write core dump. Minidumps are not enabled by default on client versions of Windows
#

---------------  T H R E A D  ---------------

Current thread (0x00000000030be000):  JavaThread "Unknown thread" [_thread_in_vm, id=3648, stack(0x0000000003290000,0x0000000003390000)]

Stack: [0x0000000003290000,0x0000000003390000]
[error occurred during error reporting (printing stack bounds), id 0xc0000005]

Native frames: (J=compiled Java code, j=interpreted, Vv=VM code, C=native code)


---------------  P R O C E S S  ---------------

Java Threads: ( => current thread )

Other Threads:

=>0x00000000030be000 (exited) JavaThread "Unknown thread" [_thread_in_vm, id=3648, stack(0x0000000003290000,0x0000000003390000)]

VM state:not at safepoint (normal execution)

VM Mutex/Monitor currently owned by a thread: None

Heap:
 PSYoungGen      total 38400K, used 665K [0x00000000eab00000, 0x00000000ed580000, 0x0000000100000000)
  eden space 33280K, 2% used [0x00000000eab00000,0x00000000eaba6670,0x00000000ecb80000)
  from space 5120K, 0% used [0x00000000ed080000,0x00000000ed080000,0x00000000ed580000)
  to   space 5120K, 0% used [0x00000000ecb80000,0x00000000ecb80000,0x00000000ed080000)
 ParOldGen       total 87552K, used 0K [0x00000000c0000000, 0x00000000c5580000, 0x00000000eab00000)
  object space 87552K, 0% used [0x00000000c0000000,0x00000000c0000000,0x00000000c5580000)
 Metaspace       used 770K, capacity 4480K, committed 4480K, reserved 1056768K
  class space    used 75K, capacity 384K, committed 384K, reserved 1048576K

Card table byte_map: [0x0000000012850000,0x0000000012a60000] byte_map_base: 0x0000000012250000

Marking Bits: (ParMarkBitMap*) 0x000000006294d850
 Begin Bits: [0x00000000133c0000, 0x00000000143c0000)
 End Bits:   [0x00000000143c0000, 0x00000000153c0000)

Polling page: 0x00000000016f0000

CodeCache: size=245760Kb used=328Kb max_used=328Kb free=245431Kb
 bounds [0x0000000003490000, 0x0000000003700000, 0x0000000012490000]
 total_blobs=58 nmethods=0 adapters=38
 compilation: enabled

Compilation events (0 events):
No events

GC Heap History (0 events):
No events

Deoptimization events (0 events):
No events

Internal exceptions (0 events):
No events

Events (10 events):
Event: 0.030 loading class java/lang/Short
Event: 0.030 loading class java/lang/Short done
Event: 0.030 loading class java/lang/Integer
Event: 0.030 loading class java/lang/Integer done
Event: 0.030 loading class java/lang/Long
Event: 0.030 loading class java/lang/Long done
Event: 0.031 loading class java/lang/NullPointerException
Event: 0.031 loading class java/lang/NullPointerException done
Event: 0.031 loading class java/lang/ArithmeticException
Event: 0.031 loading class java/lang/ArithmeticException done


Dynamic libraries:
0x00007ff790960000 - 0x00007ff790997000 	C:\Program Files\Java\jdk1.8.0_151\bin\java.exe
0x00007ffbf2060000 - 0x00007ffbf2241000 	C:\WINDOWS\SYSTEM32\ntdll.dll
0x00007ffbf1570000 - 0x00007ffbf1622000 	C:\WINDOWS\System32\KERNEL32.DLL
0x00007ffbeece0000 - 0x00007ffbeef53000 	C:\WINDOWS\System32\KERNELBASE.dll
0x00007ffbf1f80000 - 0x00007ffbf2021000 	C:\WINDOWS\System32\ADVAPI32.dll
0x00007ffbf0ce0000 - 0x00007ffbf0d7e000 	C:\WINDOWS\System32\msvcrt.dll
0x00007ffbef820000 - 0x00007ffbef87b000 	C:\WINDOWS\System32\sechost.dll
0x00007ffbef6c0000 - 0x00007ffbef7e4000 	C:\WINDOWS\System32\RPCRT4.dll
0x00007ffbf1090000 - 0x00007ffbf1220000 	C:\WINDOWS\System32\USER32.dll
0x00007ffbeefb0000 - 0x00007ffbeefd0000 	C:\WINDOWS\System32\win32u.dll
0x00007ffbf1630000 - 0x00007ffbf1658000 	C:\WINDOWS\System32\GDI32.dll
0x00007ffbeeb40000 - 0x00007ffbeecd2000 	C:\WINDOWS\System32\gdi32full.dll
0x00007ffbef3d0000 - 0x00007ffbef46f000 	C:\WINDOWS\System32\msvcp_win.dll
0x00007ffbeefd0000 - 0x00007ffbef0ca000 	C:\WINDOWS\System32\ucrtbase.dll
0x00007ffbe0ec0000 - 0x00007ffbe1129000 	C:\WINDOWS\WinSxS\amd64_microsoft.windows.common-controls_6595b64144ccf1df_6.0.17134.112_none_fb3f961b30681c12\COMCTL32.dll
0x00007ffbf1bd0000 - 0x00007ffbf1ef3000 	C:\WINDOWS\System32\combase.dll
0x00007ffbef470000 - 0x00007ffbef4ea000 	C:\WINDOWS\System32\bcryptPrimitives.dll
0x00007ffbef7f0000 - 0x00007ffbef81d000 	C:\WINDOWS\System32\IMM32.DLL
0x0000000065a50000 - 0x0000000065b22000 	C:\Program Files\Java\jdk1.8.0_151\jre\bin\msvcr100.dll
0x0000000062130000 - 0x00000000629cd000 	C:\Program Files\Java\jdk1.8.0_151\jre\bin\server\jvm.dll
0x00007ffbf1b20000 - 0x00007ffbf1b28000 	C:\WINDOWS\System32\PSAPI.DLL
0x00007ffbeaba0000 - 0x00007ffbeaba9000 	C:\WINDOWS\SYSTEM32\WSOCK32.dll
0x00007ffbf1660000 - 0x00007ffbf16cc000 	C:\WINDOWS\System32\WS2_32.dll
0x00007ffbe7bc0000 - 0x00007ffbe7be3000 	C:\WINDOWS\SYSTEM32\WINMM.dll
0x00007ffbe6f10000 - 0x00007ffbe6f1a000 	C:\WINDOWS\SYSTEM32\VERSION.dll
0x00007ffbe7af0000 - 0x00007ffbe7b1a000 	C:\WINDOWS\SYSTEM32\WINMMBASE.dll
0x00007ffbeef60000 - 0x00007ffbeefa9000 	C:\WINDOWS\System32\cfgmgr32.dll
0x0000000065a40000 - 0x0000000065a4f000 	C:\Program Files\Java\jdk1.8.0_151\jre\bin\verify.dll
0x0000000065a10000 - 0x0000000065a39000 	C:\Program Files\Java\jdk1.8.0_151\jre\bin\java.dll
0x00000000659f0000 - 0x0000000065a06000 	C:\Program Files\Java\jdk1.8.0_151\jre\bin\zip.dll

VM Arguments:
jvm_args: -Djava.awt.headless=true -Xmx1024M -Dfile.encoding=windows-1252 -Duser.country=US -Duser.language=en -Duser.variant 
java_command: com.android.dx.command.Main --dex --num-threads=4 --output D:\Projects\GPS_LIVE\android\app\build\intermediates\pre-dexed\debug\okio-1.13.0_f1eb861f19b7cf546b6b00eac2fe34d189936204.jar C:\Users\MSI\.gradle\caches\modules-2\files-2.1\com.squareup.okio\okio\1.13.0\a9283170b7305c8d92d25aff02a6ab7e45d06cbe\okio-1.13.0.jar
java_class_path (initial): C:\Users\MSI\AppData\Local\Android\Sdk\build-tools\23.0.1\lib\dx.jar
Launcher Type: SUN_STANDARD

Environment Variables:
CLASSPATH=D:\Projects\GPS_LIVE\android\\gradle\wrapper\gradle-wrapper.jar
PATH=C:\Program Files\Git\mingw64\bin;C:\Program Files\Git\usr\bin;C:\Users\MSI\bin;C:\Program Files (x86)\Common Files\Oracle\Java\javapath;C:\ProgramData\Oracle\Java\javapath;C:\Windows\system32;C:\Windows;C:\Windows\System32\Wbem;C:\Windows\System32\WindowsPowerShell\v1.0;C:\Program Files (x86)\NVIDIA Corporation\PhysX\Common;C:\Program Files\Intel\WiFi\bin;C:\Program Files\Common Files\Intel\WirelessCommon;C:\Program Files (x86)\Skype\Phone;C:\WINDOWS\system32;C:\WINDOWS;C:\WINDOWS\System32\Wbem;C:\WINDOWS\System32\WindowsPowerShell\v1.0;C:\WINDOWS\system32\config\systemprofile\.dnx\bin;C:\Program Files\Microsoft DNX\Dnvm;C:\Program Files\Microsoft SQL Server\120\Tools\Binn;C:\WINDOWS\System32\OpenSSH;C:\Program Files\Git\cmd;C:\Program Files\nodejs;C:\ProgramData\chocolatey\bin;C:\Program Files\Java\jdk1.8.0_151;C:\Program Files\Intel\WiFi\bin;C:\Program Files\Common Files\Intel\WirelessCommon;C:\Users\MSI\AppData\Local\Microsoft\WindowsApps;C:\Program Files\Microsoft VS Code\bin;C:\Users\MSI\AppData\Roaming\npm;C:\Program Files\nodejs;C:\Users\MSI\AppData\Local\Android\sdk\platform-tools
USERNAME=MSI
OS=Windows_NT
PROCESSOR_IDENTIFIER=Intel64 Family 6 Model 94 Stepping 3, GenuineIntel



---------------  S Y S T E M  ---------------

OS: Windows 10.0 , 64 bit Build 17134 (10.0.17134.1)

CPU:total 8 (initial active 8) (4 cores per cpu, 2 threads per core) family 6 model 94 stepping 3, cmov, cx8, fxsr, mmx, sse, sse2, sse3, ssse3, sse4.1, sse4.2, popcnt, avx, avx2, aes, clmul, erms, rtm, 3dnowpref, lzcnt, ht, tsc, tscinvbit, bmi1, bmi2, adx

Memory: 4k page, physical 8298016k(1261032k free), swap 11688308k(4320k free)

vm_info: Java HotSpot(TM) 64-Bit Server VM (25.151-b12) for windows-amd64 JRE (1.8.0_151-b12), built on Sep  5 2017 19:33:46 by "java_re" with MS VC++ 10.0 (VS2010)

time: Wed Jun 27 16:28:53 2018
elapsed time: 0 seconds (0d 0h 0m 0s)

