#
# There is insufficient memory for the Java Runtime Environment to continue.
# Native memory allocation (malloc) failed to allocate 795056 bytes for Chunk::new
# Possible reasons:
#   The system is out of physical RAM or swap space
#   In 32 bit mode, the process size limit was hit
# Possible solutions:
#   Reduce memory load on the system
#   Increase physical memory or swap space
#   Check if swap backing store is full
#   Use 64 bit Java on a 64 bit OS
#   Decrease Java heap size (-Xmx/-Xms)
#   Decrease number of Java threads
#   Decrease Java thread stack sizes (-Xss)
#   Set larger code cache with -XX:ReservedCodeCacheSize=
# This output file may be truncated or incomplete.
#
#  Out of Memory Error (allocation.cpp:390), pid=14184, tid=0x00000000000034f0
#
# JRE version: Java(TM) SE Runtime Environment (8.0_151-b12) (build 1.8.0_151-b12)
# Java VM: Java HotSpot(TM) 64-Bit Server VM (25.151-b12 mixed mode windows-amd64 compressed oops)
# Failed to write core dump. Minidumps are not enabled by default on client versions of Windows
#

---------------  T H R E A D  ---------------

Current thread (0x0000000017de4800):  JavaThread "C2 CompilerThread2" daemon [_thread_in_native, id=13552, stack(0x0000000018750000,0x0000000018850000)]

Stack: [0x0000000018750000,0x0000000018850000]
[error occurred during error reporting (printing stack bounds), id 0xc0000005]

Native frames: (J=compiled Java code, j=interpreted, Vv=VM code, C=native code)


Current CompileTask:
C2:   3496 1857       4       com.android.dx.rop.code.Rops::ropFor (771 bytes)


---------------  P R O C E S S  ---------------

Java Threads: ( => current thread )
  0x0000000017e0b000 JavaThread "Service Thread" daemon [_thread_blocked, id=8144, stack(0x0000000018950000,0x0000000018a50000)]
  0x0000000017e06000 JavaThread "C1 CompilerThread3" daemon [_thread_blocked, id=1872, stack(0x0000000018850000,0x0000000018950000)]
=>0x0000000017de4800 JavaThread "C2 CompilerThread2" daemon [_thread_in_native, id=13552, stack(0x0000000018750000,0x0000000018850000)]
  0x0000000017d92800 JavaThread "C2 CompilerThread1" daemon [_thread_in_native, id=8172, stack(0x0000000018650000,0x0000000018750000)]
  0x0000000017d8b800 JavaThread "C2 CompilerThread0" daemon [_thread_in_native, id=13188, stack(0x0000000018550000,0x0000000018650000)]
  0x0000000017d89000 JavaThread "Attach Listener" daemon [_thread_blocked, id=14024, stack(0x0000000018450000,0x0000000018550000)]
  0x0000000017d88000 JavaThread "Signal Dispatcher" daemon [_thread_blocked, id=15244, stack(0x0000000018350000,0x0000000018450000)]
  0x0000000017d80800 JavaThread "Finalizer" daemon [_thread_blocked, id=9624, stack(0x0000000018160000,0x0000000018260000)]
  0x0000000015e9d000 JavaThread "Reference Handler" daemon [_thread_blocked, id=12184, stack(0x0000000017c60000,0x0000000017d60000)]
  0x000000000337e000 JavaThread "main" [_thread_in_Java, id=9416, stack(0x0000000003020000,0x0000000003120000)]

Other Threads:
  0x0000000015e99000 VMThread [stack: 0x0000000017b60000,0x0000000017c60000] [id=7076]
  0x0000000017e11800 WatcherThread [stack: 0x0000000018a50000,0x0000000018b50000] [id=11468]

VM state:not at safepoint (normal execution)

VM Mutex/Monitor currently owned by a thread: None

Heap:
 PSYoungGen      total 71680K, used 22448K [0x00000000eab00000, 0x00000000ef600000, 0x0000000100000000)
  eden space 66560K, 26% used [0x00000000eab00000,0x00000000ebbef0e8,0x00000000eec00000)
  from space 5120K, 99% used [0x00000000eec00000,0x00000000ef0fd210,0x00000000ef100000)
  to   space 5120K, 0% used [0x00000000ef100000,0x00000000ef100000,0x00000000ef600000)
 ParOldGen       total 87552K, used 16554K [0x00000000c0000000, 0x00000000c5580000, 0x00000000eab00000)
  object space 87552K, 18% used [0x00000000c0000000,0x00000000c102ab90,0x00000000c5580000)
 Metaspace       used 6386K, capacity 7256K, committed 7424K, reserved 1056768K
  class space    used 612K, capacity 656K, committed 768K, reserved 1048576K

Card table byte_map: [0x0000000012740000,0x0000000012950000] byte_map_base: 0x0000000012140000

Marking Bits: (ParMarkBitMap*) 0x000000006294d850
 Begin Bits: [0x00000000132b0000, 0x00000000142b0000)
 End Bits:   [0x00000000142b0000, 0x00000000152b0000)

Polling page: 0x00000000012a0000

CodeCache: size=245760Kb used=8111Kb max_used=8111Kb free=237648Kb
 bounds [0x0000000003380000, 0x0000000003b80000, 0x0000000012380000]
 total_blobs=2186 nmethods=1922 adapters=176
 compilation: enabled

Compilation events (10 events):
Event: 3.443 Thread 0x0000000017e06000 1973       2       com.android.dx.dex.file.DebugInfoItem::<init> (36 bytes)
Event: 3.443 Thread 0x0000000017e06000 nmethod 1973 0x0000000003b6d490 code [0x0000000003b6d600, 0x0000000003b6d878]
Event: 3.443 Thread 0x0000000017e06000 1974       2       com.android.dx.dex.code.StdCatchBuilder::hasAnyCatches (57 bytes)
Event: 3.444 Thread 0x0000000017e06000 nmethod 1974 0x0000000003b6d990 code [0x0000000003b6db40, 0x0000000003b6de78]
Event: 3.459 Thread 0x0000000017e06000 1976 %     3       com.android.dx.dex.code.OutputFinisher::addConstants @ 47 (93 bytes)
Event: 3.460 Thread 0x0000000017e06000 nmethod 1976% 0x0000000003b6e210 code [0x0000000003b6e440, 0x0000000003b6f3c8]
Event: 3.460 Thread 0x0000000017e06000 1977       3       com.android.dx.dex.code.OutputFinisher::addConstants (93 bytes)
Event: 3.461 Thread 0x0000000017e06000 nmethod 1977 0x0000000003b6f910 code [0x0000000003b6fb40, 0x0000000003b70a28]
Event: 3.466 Thread 0x0000000017e06000 1978       2       com.android.dx.dex.code.StdCatchBuilder::getCatchTypes (97 bytes)
Event: 3.467 Thread 0x0000000017e06000 nmethod 1978 0x0000000003b70f50 code [0x0000000003b71160, 0x0000000003b71668]

GC Heap History (6 events):
Event: 0.992 GC heap before
{Heap before GC invocations=1 (full 0):
 PSYoungGen      total 38400K, used 33280K [0x00000000eab00000, 0x00000000ed580000, 0x0000000100000000)
  eden space 33280K, 100% used [0x00000000eab00000,0x00000000ecb80000,0x00000000ecb80000)
  from space 5120K, 0% used [0x00000000ed080000,0x00000000ed080000,0x00000000ed580000)
  to   space 5120K, 0% used [0x00000000ecb80000,0x00000000ecb80000,0x00000000ed080000)
 ParOldGen       total 87552K, used 0K [0x00000000c0000000, 0x00000000c5580000, 0x00000000eab00000)
  object space 87552K, 0% used [0x00000000c0000000,0x00000000c0000000,0x00000000c5580000)
 Metaspace       used 5958K, capacity 6898K, committed 7040K, reserved 1056768K
  class space    used 604K, capacity 618K, committed 640K, reserved 1048576K
Event: 1.085 GC heap after
Heap after GC invocations=1 (full 0):
 PSYoungGen      total 38400K, used 5099K [0x00000000eab00000, 0x00000000ef600000, 0x0000000100000000)
  eden space 33280K, 0% used [0x00000000eab00000,0x00000000eab00000,0x00000000ecb80000)
  from space 5120K, 99% used [0x00000000ecb80000,0x00000000ed07adf0,0x00000000ed080000)
  to   space 5120K, 0% used [0x00000000ef100000,0x00000000ef100000,0x00000000ef600000)
 ParOldGen       total 87552K, used 1702K [0x00000000c0000000, 0x00000000c5580000, 0x00000000eab00000)
  object space 87552K, 1% used [0x00000000c0000000,0x00000000c01a9b90,0x00000000c5580000)
 Metaspace       used 5958K, capacity 6898K, committed 7040K, reserved 1056768K
  class space    used 604K, capacity 618K, committed 640K, reserved 1048576K
}
Event: 1.470 GC heap before
{Heap before GC invocations=2 (full 0):
 PSYoungGen      total 38400K, used 38379K [0x00000000eab00000, 0x00000000ef600000, 0x0000000100000000)
  eden space 33280K, 100% used [0x00000000eab00000,0x00000000ecb80000,0x00000000ecb80000)
  from space 5120K, 99% used [0x00000000ecb80000,0x00000000ed07adf0,0x00000000ed080000)
  to   space 5120K, 0% used [0x00000000ef100000,0x00000000ef100000,0x00000000ef600000)
 ParOldGen       total 87552K, used 1702K [0x00000000c0000000, 0x00000000c5580000, 0x00000000eab00000)
  object space 87552K, 1% used [0x00000000c0000000,0x00000000c01a9b90,0x00000000c5580000)
 Metaspace       used 6132K, capacity 7090K, committed 7296K, reserved 1056768K
  class space    used 604K, capacity 618K, committed 640K, reserved 1048576K
Event: 1.550 GC heap after
Heap after GC invocations=2 (full 0):
 PSYoungGen      total 71680K, used 5107K [0x00000000eab00000, 0x00000000ef600000, 0x0000000100000000)
  eden space 66560K, 0% used [0x00000000eab00000,0x00000000eab00000,0x00000000eec00000)
  from space 5120K, 99% used [0x00000000ef100000,0x00000000ef5fcea0,0x00000000ef600000)
  to   space 5120K, 0% used [0x00000000eec00000,0x00000000eec00000,0x00000000ef100000)
 ParOldGen       total 87552K, used 6124K [0x00000000c0000000, 0x00000000c5580000, 0x00000000eab00000)
  object space 87552K, 6% used [0x00000000c0000000,0x00000000c05fb2a0,0x00000000c5580000)
 Metaspace       used 6132K, capacity 7090K, committed 7296K, reserved 1056768K
  class space    used 604K, capacity 618K, committed 640K, reserved 1048576K
}
Event: 2.676 GC heap before
{Heap before GC invocations=3 (full 0):
 PSYoungGen      total 71680K, used 71667K [0x00000000eab00000, 0x00000000ef600000, 0x0000000100000000)
  eden space 66560K, 100% used [0x00000000eab00000,0x00000000eec00000,0x00000000eec00000)
  from space 5120K, 99% used [0x00000000ef100000,0x00000000ef5fcea0,0x00000000ef600000)
  to   space 5120K, 0% used [0x00000000eec00000,0x00000000eec00000,0x00000000ef100000)
 ParOldGen       total 87552K, used 6124K [0x00000000c0000000, 0x00000000c5580000, 0x00000000eab00000)
  object space 87552K, 6% used [0x00000000c0000000,0x00000000c05fb2a0,0x00000000c5580000)
 Metaspace       used 6262K, capacity 7154K, committed 7296K, reserved 1056768K
  class space    used 604K, capacity 618K, committed 640K, reserved 1048576K
Event: 2.927 GC heap after
Heap after GC invocations=3 (full 0):
 PSYoungGen      total 71680K, used 5108K [0x00000000eab00000, 0x00000000ef600000, 0x0000000100000000)
  eden space 66560K, 0% used [0x00000000eab00000,0x00000000eab00000,0x00000000eec00000)
  from space 5120K, 99% used [0x00000000eec00000,0x00000000ef0fd210,0x00000000ef100000)
  to   space 5120K, 0% used [0x00000000ef100000,0x00000000ef100000,0x00000000ef600000)
 ParOldGen       total 87552K, used 16554K [0x00000000c0000000, 0x00000000c5580000, 0x00000000eab00000)
  object space 87552K, 18% used [0x00000000c0000000,0x00000000c102ab90,0x00000000c5580000)
 Metaspace       used 6262K, capacity 7154K, committed 7296K, reserved 1056768K
  class space    used 604K, capacity 618K, committed 640K, reserved 1048576K
}

Deoptimization events (10 events):
Event: 3.238 Thread 0x000000000337e000 Uncommon trap: reason=bimorphic action=maybe_recompile pc=0x00000000035934f0 method=java.util.HashMap.getNode(ILjava/lang/Object;)Ljava/util/HashMap$Node; @ 126
Event: 3.238 Thread 0x000000000337e000 Uncommon trap: reason=bimorphic action=maybe_recompile pc=0x00000000035934f0 method=java.util.HashMap.getNode(ILjava/lang/Object;)Ljava/util/HashMap$Node; @ 126
Event: 3.238 Thread 0x000000000337e000 Uncommon trap: reason=bimorphic action=maybe_recompile pc=0x00000000035934f0 method=java.util.HashMap.getNode(ILjava/lang/Object;)Ljava/util/HashMap$Node; @ 126
Event: 3.239 Thread 0x000000000337e000 Uncommon trap: reason=bimorphic action=maybe_recompile pc=0x00000000035934f0 method=java.util.HashMap.getNode(ILjava/lang/Object;)Ljava/util/HashMap$Node; @ 126
Event: 3.240 Thread 0x000000000337e000 Uncommon trap: reason=bimorphic action=maybe_recompile pc=0x0000000003568320 method=java.util.HashMap.getNode(ILjava/lang/Object;)Ljava/util/HashMap$Node; @ 126
Event: 3.248 Thread 0x000000000337e000 Uncommon trap: reason=class_check action=maybe_recompile pc=0x000000000371a1e8 method=java.util.HashMap.putVal(ILjava/lang/Object;Ljava/lang/Object;ZZ)Ljava/lang/Object; @ 203
Event: 3.250 Thread 0x000000000337e000 Uncommon trap: reason=class_check action=maybe_recompile pc=0x000000000371a1e8 method=java.util.HashMap.putVal(ILjava/lang/Object;Ljava/lang/Object;ZZ)Ljava/lang/Object; @ 203
Event: 3.250 Thread 0x000000000337e000 Uncommon trap: reason=class_check action=maybe_recompile pc=0x000000000371a1e8 method=java.util.HashMap.putVal(ILjava/lang/Object;Ljava/lang/Object;ZZ)Ljava/lang/Object; @ 203
Event: 3.251 Thread 0x000000000337e000 Uncommon trap: reason=class_check action=maybe_recompile pc=0x000000000371a1e8 method=java.util.HashMap.putVal(ILjava/lang/Object;Ljava/lang/Object;ZZ)Ljava/lang/Object; @ 203
Event: 3.251 Thread 0x000000000337e000 Uncommon trap: reason=class_check action=maybe_recompile pc=0x000000000367ca54 method=java.util.HashMap.putVal(ILjava/lang/Object;Ljava/lang/Object;ZZ)Ljava/lang/Object; @ 203

Internal exceptions (4 events):
Event: 0.043 Thread 0x000000000337e000 Exception <a 'java/lang/NoSuchMethodError': Method sun.misc.Unsafe.defineClass(Ljava/lang/String;[BII)Ljava/lang/Class; name or signature does not match> (0x00000000eab07ca8) thrown at [C:\re\workspace\8-2-build-windows-amd64-cygwin\jdk8u151\9699\hotspot\
Event: 0.043 Thread 0x000000000337e000 Exception <a 'java/lang/NoSuchMethodError': Method sun.misc.Unsafe.prefetchRead(Ljava/lang/Object;J)V name or signature does not match> (0x00000000eab07f90) thrown at [C:\re\workspace\8-2-build-windows-amd64-cygwin\jdk8u151\9699\hotspot\src\share\vm\prims
Event: 0.685 Thread 0x000000000337e000 Implicit null exception at 0x00000000035f3454 to 0x00000000035f4ac5
Event: 1.116 Thread 0x00000000180b5800 Implicit null exception at 0x000000000367bf22 to 0x000000000367c01a

Events (10 events):
Event: 3.251 Thread 0x000000000337e000 DEOPT UNPACKING pc=0x00000000033c582a sp=0x000000000311ebb0 mode 2
Event: 3.251 Thread 0x000000000337e000 Uncommon trap: trap_request=0xffffffde fr.pc=0x000000000367ca54
Event: 3.251 Thread 0x000000000337e000 DEOPT PACKING pc=0x000000000367ca54 sp=0x000000000311ebf0
Event: 3.251 Thread 0x000000000337e000 DEOPT UNPACKING pc=0x00000000033c582a sp=0x000000000311eba8 mode 2
Event: 3.254 loading class com/android/dx/dex/file/CatchStructs
Event: 3.254 loading class com/android/dx/dex/file/CatchStructs done
Event: 3.442 Thread 0x000000000337e000 DEOPT PACKING pc=0x0000000003b692ea sp=0x000000000311eca0
Event: 3.442 Thread 0x000000000337e000 DEOPT UNPACKING pc=0x00000000033c787f sp=0x000000000311ea30 mode 0
Event: 3.463 Thread 0x000000000337e000 DEOPT PACKING pc=0x0000000003b66c35 sp=0x000000000311ec20
Event: 3.463 Thread 0x000000000337e000 DEOPT UNPACKING pc=0x00000000033c787f sp=0x000000000311e968 mode 0


Dynamic libraries:
0x00007ff790960000 - 0x00007ff790997000 	C:\Program Files\Java\jdk1.8.0_151\bin\java.exe
0x00007ffbf2060000 - 0x00007ffbf2241000 	C:\WINDOWS\SYSTEM32\ntdll.dll
0x00007ffbf1570000 - 0x00007ffbf1622000 	C:\WINDOWS\System32\KERNEL32.DLL
0x00007ffbeece0000 - 0x00007ffbeef53000 	C:\WINDOWS\System32\KERNELBASE.dll
0x00007ffbf1f80000 - 0x00007ffbf2021000 	C:\WINDOWS\System32\ADVAPI32.dll
0x00007ffbf0ce0000 - 0x00007ffbf0d7e000 	C:\WINDOWS\System32\msvcrt.dll
0x00007ffbef820000 - 0x00007ffbef87b000 	C:\WINDOWS\System32\sechost.dll
0x00007ffbef6c0000 - 0x00007ffbef7e4000 	C:\WINDOWS\System32\RPCRT4.dll
0x00007ffbf1090000 - 0x00007ffbf1220000 	C:\WINDOWS\System32\USER32.dll
0x00007ffbeefb0000 - 0x00007ffbeefd0000 	C:\WINDOWS\System32\win32u.dll
0x00007ffbf1630000 - 0x00007ffbf1658000 	C:\WINDOWS\System32\GDI32.dll
0x00007ffbeeb40000 - 0x00007ffbeecd2000 	C:\WINDOWS\System32\gdi32full.dll
0x00007ffbef3d0000 - 0x00007ffbef46f000 	C:\WINDOWS\System32\msvcp_win.dll
0x00007ffbeefd0000 - 0x00007ffbef0ca000 	C:\WINDOWS\System32\ucrtbase.dll
0x00007ffbe0ec0000 - 0x00007ffbe1129000 	C:\WINDOWS\WinSxS\amd64_microsoft.windows.common-controls_6595b64144ccf1df_6.0.17134.112_none_fb3f961b30681c12\COMCTL32.dll
0x00007ffbf1bd0000 - 0x00007ffbf1ef3000 	C:\WINDOWS\System32\combase.dll
0x00007ffbef470000 - 0x00007ffbef4ea000 	C:\WINDOWS\System32\bcryptPrimitives.dll
0x00007ffbef7f0000 - 0x00007ffbef81d000 	C:\WINDOWS\System32\IMM32.DLL
0x0000000065a50000 - 0x0000000065b22000 	C:\Program Files\Java\jdk1.8.0_151\jre\bin\msvcr100.dll
0x0000000062130000 - 0x00000000629cd000 	C:\Program Files\Java\jdk1.8.0_151\jre\bin\server\jvm.dll
0x00007ffbf1b20000 - 0x00007ffbf1b28000 	C:\WINDOWS\System32\PSAPI.DLL
0x00007ffbeaba0000 - 0x00007ffbeaba9000 	C:\WINDOWS\SYSTEM32\WSOCK32.dll
0x00007ffbf1660000 - 0x00007ffbf16cc000 	C:\WINDOWS\System32\WS2_32.dll
0x00007ffbe7bc0000 - 0x00007ffbe7be3000 	C:\WINDOWS\SYSTEM32\WINMM.dll
0x00007ffbe6f10000 - 0x00007ffbe6f1a000 	C:\WINDOWS\SYSTEM32\VERSION.dll
0x00007ffbe7af0000 - 0x00007ffbe7b1a000 	C:\WINDOWS\SYSTEM32\WINMMBASE.dll
0x00007ffbeef60000 - 0x00007ffbeefa9000 	C:\WINDOWS\System32\cfgmgr32.dll
0x0000000065a40000 - 0x0000000065a4f000 	C:\Program Files\Java\jdk1.8.0_151\jre\bin\verify.dll
0x0000000065a10000 - 0x0000000065a39000 	C:\Program Files\Java\jdk1.8.0_151\jre\bin\java.dll
0x00000000659f0000 - 0x0000000065a06000 	C:\Program Files\Java\jdk1.8.0_151\jre\bin\zip.dll
0x00007ffbef8a0000 - 0x00007ffbf0ce0000 	C:\WINDOWS\System32\SHELL32.dll
0x00007ffbf0fe0000 - 0x00007ffbf1089000 	C:\WINDOWS\System32\shcore.dll
0x00007ffbee430000 - 0x00007ffbeeb3d000 	C:\WINDOWS\System32\windows.storage.dll
0x00007ffbf0d80000 - 0x00007ffbf0dd1000 	C:\WINDOWS\System32\shlwapi.dll
0x00007ffbee390000 - 0x00007ffbee3a1000 	C:\WINDOWS\System32\kernel.appcore.dll
0x00007ffbee3b0000 - 0x00007ffbee3cf000 	C:\WINDOWS\System32\profapi.dll
0x00007ffbee3e0000 - 0x00007ffbee42c000 	C:\WINDOWS\System32\powrprof.dll
0x00007ffbee3d0000 - 0x00007ffbee3da000 	C:\WINDOWS\System32\FLTLIB.DLL

VM Arguments:
jvm_args: -Djava.awt.headless=true -Xmx1024M -Dfile.encoding=windows-1252 -Duser.country=US -Duser.language=en -Duser.variant 
java_command: com.android.dx.command.Main --dex --num-threads=4 --output D:\Projects\GPS_LIVE\android\app\build\intermediates\pre-dexed\debug\com.facebook.fresco-imagepipeline-1.3.0_2cbcc1e64bc2d6dc622a39e8116693a906051ae9.jar D:\Projects\GPS_LIVE\android\app\build\intermediates\exploded-aar\com.facebook.fresco\imagepipeline\1.3.0\jars\classes.jar
java_class_path (initial): C:\Users\MSI\AppData\Local\Android\Sdk\build-tools\23.0.1\lib\dx.jar
Launcher Type: SUN_STANDARD

Environment Variables:
CLASSPATH=D:\Projects\GPS_LIVE\android\\gradle\wrapper\gradle-wrapper.jar
PATH=C:\Program Files\Git\mingw64\bin;C:\Program Files\Git\usr\bin;C:\Users\MSI\bin;C:\Program Files (x86)\Common Files\Oracle\Java\javapath;C:\ProgramData\Oracle\Java\javapath;C:\Windows\system32;C:\Windows;C:\Windows\System32\Wbem;C:\Windows\System32\WindowsPowerShell\v1.0;C:\Program Files (x86)\NVIDIA Corporation\PhysX\Common;C:\Program Files\Intel\WiFi\bin;C:\Program Files\Common Files\Intel\WirelessCommon;C:\Program Files (x86)\Skype\Phone;C:\WINDOWS\system32;C:\WINDOWS;C:\WINDOWS\System32\Wbem;C:\WINDOWS\System32\WindowsPowerShell\v1.0;C:\WINDOWS\system32\config\systemprofile\.dnx\bin;C:\Program Files\Microsoft DNX\Dnvm;C:\Program Files\Microsoft SQL Server\120\Tools\Binn;C:\WINDOWS\System32\OpenSSH;C:\Program Files\Git\cmd;C:\Program Files\nodejs;C:\ProgramData\chocolatey\bin;C:\Program Files\Java\jdk1.8.0_151;C:\Program Files\Intel\WiFi\bin;C:\Program Files\Common Files\Intel\WirelessCommon;C:\Users\MSI\AppData\Local\Microsoft\WindowsApps;C:\Program Files\Microsoft VS Code\bin;C:\Users\MSI\AppData\Roaming\npm;C:\Program Files\nodejs;C:\Users\MSI\AppData\Local\Android\sdk\platform-tools
USERNAME=MSI
OS=Windows_NT
PROCESSOR_IDENTIFIER=Intel64 Family 6 Model 94 Stepping 3, GenuineIntel



---------------  S Y S T E M  ---------------

OS: Windows 10.0 , 64 bit Build 17134 (10.0.17134.1)

CPU:total 8 (initial active 8) (4 cores per cpu, 2 threads per core) family 6 model 94 stepping 3, cmov, cx8, fxsr, mmx, sse, sse2, sse3, ssse3, sse4.1, sse4.2, popcnt, avx, avx2, aes, clmul, erms, rtm, 3dnowpref, lzcnt, ht, tsc, tscinvbit, bmi1, bmi2, adx

Memory: 4k page, physical 8298016k(958708k free), swap 11688308k(5844k free)

vm_info: Java HotSpot(TM) 64-Bit Server VM (25.151-b12) for windows-amd64 JRE (1.8.0_151-b12), built on Sep  5 2017 19:33:46 by "java_re" with MS VC++ 10.0 (VS2010)

time: Wed Jun 27 16:28:57 2018
elapsed time: 3 seconds (0d 0h 0m 3s)

