#
# There is insufficient memory for the Java Runtime Environment to continue.
# Native memory allocation (malloc) failed to allocate 65552 bytes for Chunk::new
# Possible reasons:
#   The system is out of physical RAM or swap space
#   In 32 bit mode, the process size limit was hit
# Possible solutions:
#   Reduce memory load on the system
#   Increase physical memory or swap space
#   Check if swap backing store is full
#   Use 64 bit Java on a 64 bit OS
#   Decrease Java heap size (-Xmx/-Xms)
#   Decrease number of Java threads
#   Decrease Java thread stack sizes (-Xss)
#   Set larger code cache with -XX:ReservedCodeCacheSize=
# This output file may be truncated or incomplete.
#
#  Out of Memory Error (allocation.cpp:390), pid=3128, tid=0x00000000000003c8
#
# JRE version: Java(TM) SE Runtime Environment (8.0_151-b12) (build 1.8.0_151-b12)
# Java VM: Java HotSpot(TM) 64-Bit Server VM (25.151-b12 mixed mode windows-amd64 compressed oops)
# Failed to write core dump. Minidumps are not enabled by default on client versions of Windows
#

---------------  T H R E A D  ---------------

Current thread (0x0000000017e8e800):  JavaThread "C2 CompilerThread1" daemon [_thread_in_native, id=968, stack(0x0000000018750000,0x0000000018850000)]

Stack: [0x0000000018750000,0x0000000018850000]
[error occurred during error reporting (printing stack bounds), id 0xc0000005]

Native frames: (J=compiled Java code, j=interpreted, Vv=VM code, C=native code)


Current CompileTask:
C2:   3654 1708       4       com.android.dx.rop.code.Rops::ropFor (771 bytes)


---------------  P R O C E S S  ---------------

Java Threads: ( => current thread )
  0x0000000018168000 JavaThread "pool-1-thread-2" [_thread_in_Java, id=15144, stack(0x0000000018e50000,0x0000000018f50000)]
  0x0000000018165000 JavaThread "pool-2-thread-1" [_thread_blocked, id=13428, stack(0x0000000018d50000,0x0000000018e50000)]
  0x0000000017f29000 JavaThread "Service Thread" daemon [_thread_blocked, id=9176, stack(0x0000000018a50000,0x0000000018b50000)]
  0x0000000017ebd800 JavaThread "C1 CompilerThread3" daemon [_thread_blocked, id=14744, stack(0x0000000018950000,0x0000000018a50000)]
  0x0000000017e94800 JavaThread "C2 CompilerThread2" daemon [_thread_in_native, id=13460, stack(0x0000000018850000,0x0000000018950000)]
=>0x0000000017e8e800 JavaThread "C2 CompilerThread1" daemon [_thread_in_native, id=968, stack(0x0000000018750000,0x0000000018850000)]
  0x0000000017e8b800 JavaThread "C2 CompilerThread0" daemon [_thread_in_native, id=88, stack(0x0000000018650000,0x0000000018750000)]
  0x0000000017e89000 JavaThread "Attach Listener" daemon [_thread_blocked, id=2948, stack(0x0000000018550000,0x0000000018650000)]
  0x0000000017e87800 JavaThread "Signal Dispatcher" daemon [_thread_blocked, id=7780, stack(0x0000000018450000,0x0000000018550000)]
  0x0000000003459000 JavaThread "Finalizer" daemon [_thread_blocked, id=14632, stack(0x0000000018260000,0x0000000018360000)]
  0x0000000003458000 JavaThread "Reference Handler" daemon [_thread_blocked, id=13152, stack(0x0000000017d60000,0x0000000017e60000)]
  0x000000000184e000 JavaThread "main" [_thread_blocked, id=15172, stack(0x0000000003260000,0x0000000003360000)]

Other Threads:
  0x0000000015f79000 VMThread [stack: 0x0000000017c60000,0x0000000017d60000] [id=15352]
  0x0000000017f2d000 WatcherThread [stack: 0x0000000018b50000,0x0000000018c50000] [id=8956]

VM state:not at safepoint (normal execution)

VM Mutex/Monitor currently owned by a thread: None

Heap:
 PSYoungGen      total 71680K, used 42983K [0x00000000eab00000, 0x00000000ef600000, 0x0000000100000000)
  eden space 66560K, 56% used [0x00000000eab00000,0x00000000ecffc360,0x00000000eec00000)
  from space 5120K, 99% used [0x00000000eec00000,0x00000000ef0fdad8,0x00000000ef100000)
  to   space 5120K, 0% used [0x00000000ef100000,0x00000000ef100000,0x00000000ef600000)
 ParOldGen       total 87552K, used 16770K [0x00000000c0000000, 0x00000000c5580000, 0x00000000eab00000)
  object space 87552K, 19% used [0x00000000c0000000,0x00000000c1060b00,0x00000000c5580000)
 Metaspace       used 6481K, capacity 7192K, committed 7424K, reserved 1056768K
  class space    used 617K, capacity 656K, committed 768K, reserved 1048576K

Card table byte_map: [0x0000000012820000,0x0000000012a30000] byte_map_base: 0x0000000012220000

Marking Bits: (ParMarkBitMap*) 0x000000006294d850
 Begin Bits: [0x0000000013390000, 0x0000000014390000)
 End Bits:   [0x0000000014390000, 0x0000000015390000)

Polling page: 0x0000000001790000

CodeCache: size=245760Kb used=7897Kb max_used=7909Kb free=237862Kb
 bounds [0x0000000003460000, 0x0000000003c30000, 0x0000000012460000]
 total_blobs=2080 nmethods=1811 adapters=181
 compilation: enabled

Compilation events (10 events):
Event: 3.625 Thread 0x0000000017e8b800 nmethod 1818% 0x0000000003c1f650 code [0x0000000003c1f8e0, 0x0000000003c21db8]
Event: 3.625 Thread 0x0000000017e8b800 1718       4       com.android.dx.ssa.back.SsaToRop::convertBasicBlock (126 bytes)
Event: 3.627 Thread 0x0000000017e94800 nmethod 1842 0x0000000003bf6a50 code [0x0000000003bf6ba0, 0x0000000003bf6d98]
Event: 3.627 Thread 0x0000000017e94800 1679       4       com.android.dx.rop.cst.StdConstantPool::set (123 bytes)
Event: 3.630 Thread 0x0000000017e94800 nmethod 1679 0x0000000003bf6250 code [0x0000000003bf63c0, 0x0000000003bf6698]
Event: 3.630 Thread 0x0000000017e94800 1732       4       com.android.dx.rop.code.BasicBlockList::preferredSuccessorOf (77 bytes)
Event: 3.635 Thread 0x0000000017e94800 nmethod 1732 0x0000000003c006d0 code [0x0000000003c00840, 0x0000000003c00b58]
Event: 3.635 Thread 0x0000000017e94800 1690       4       com.android.dx.cf.code.Merger::mergeType (142 bytes)
Event: 3.639 Thread 0x0000000017e94800 nmethod 1690 0x0000000003bffc90 code [0x0000000003bffe40, 0x0000000003c00190]
Event: 3.640 Thread 0x0000000017e94800 1812       4       com.android.dx.dex.code.RopTranslator$LocalVariableAwareTranslationVisitor::visitPlainInsn (11 bytes)

GC Heap History (6 events):
Event: 1.285 GC heap before
{Heap before GC invocations=1 (full 0):
 PSYoungGen      total 38400K, used 33280K [0x00000000eab00000, 0x00000000ed580000, 0x0000000100000000)
  eden space 33280K, 100% used [0x00000000eab00000,0x00000000ecb80000,0x00000000ecb80000)
  from space 5120K, 0% used [0x00000000ed080000,0x00000000ed080000,0x00000000ed580000)
  to   space 5120K, 0% used [0x00000000ecb80000,0x00000000ecb80000,0x00000000ed080000)
 ParOldGen       total 87552K, used 0K [0x00000000c0000000, 0x00000000c5580000, 0x00000000eab00000)
  object space 87552K, 0% used [0x00000000c0000000,0x00000000c0000000,0x00000000c5580000)
 Metaspace       used 6094K, capacity 6936K, committed 7168K, reserved 1056768K
  class space    used 615K, capacity 656K, committed 768K, reserved 1048576K
Event: 1.372 GC heap after
Heap after GC invocations=1 (full 0):
 PSYoungGen      total 38400K, used 5111K [0x00000000eab00000, 0x00000000ef600000, 0x0000000100000000)
  eden space 33280K, 0% used [0x00000000eab00000,0x00000000eab00000,0x00000000ecb80000)
  from space 5120K, 99% used [0x00000000ecb80000,0x00000000ed07dc88,0x00000000ed080000)
  to   space 5120K, 0% used [0x00000000ef100000,0x00000000ef100000,0x00000000ef600000)
 ParOldGen       total 87552K, used 1639K [0x00000000c0000000, 0x00000000c5580000, 0x00000000eab00000)
  object space 87552K, 1% used [0x00000000c0000000,0x00000000c0199d28,0x00000000c5580000)
 Metaspace       used 6094K, capacity 6936K, committed 7168K, reserved 1056768K
  class space    used 615K, capacity 656K, committed 768K, reserved 1048576K
}
Event: 2.018 GC heap before
{Heap before GC invocations=2 (full 0):
 PSYoungGen      total 38400K, used 38391K [0x00000000eab00000, 0x00000000ef600000, 0x0000000100000000)
  eden space 33280K, 100% used [0x00000000eab00000,0x00000000ecb80000,0x00000000ecb80000)
  from space 5120K, 99% used [0x00000000ecb80000,0x00000000ed07dc88,0x00000000ed080000)
  to   space 5120K, 0% used [0x00000000ef100000,0x00000000ef100000,0x00000000ef600000)
 ParOldGen       total 87552K, used 1639K [0x00000000c0000000, 0x00000000c5580000, 0x00000000eab00000)
  object space 87552K, 1% used [0x00000000c0000000,0x00000000c0199d28,0x00000000c5580000)
 Metaspace       used 6310K, capacity 7128K, committed 7424K, reserved 1056768K
  class space    used 616K, capacity 656K, committed 768K, reserved 1048576K
Event: 2.123 GC heap after
Heap after GC invocations=2 (full 0):
 PSYoungGen      total 71680K, used 5114K [0x00000000eab00000, 0x00000000ef600000, 0x0000000100000000)
  eden space 66560K, 0% used [0x00000000eab00000,0x00000000eab00000,0x00000000eec00000)
  from space 5120K, 99% used [0x00000000ef100000,0x00000000ef5feaa8,0x00000000ef600000)
  to   space 5120K, 0% used [0x00000000eec00000,0x00000000eec00000,0x00000000ef100000)
 ParOldGen       total 87552K, used 6436K [0x00000000c0000000, 0x00000000c5580000, 0x00000000eab00000)
  object space 87552K, 7% used [0x00000000c0000000,0x00000000c06493e0,0x00000000c5580000)
 Metaspace       used 6310K, capacity 7128K, committed 7424K, reserved 1056768K
  class space    used 616K, capacity 656K, committed 768K, reserved 1048576K
}
Event: 2.831 GC heap before
{Heap before GC invocations=3 (full 0):
 PSYoungGen      total 71680K, used 71674K [0x00000000eab00000, 0x00000000ef600000, 0x0000000100000000)
  eden space 66560K, 100% used [0x00000000eab00000,0x00000000eec00000,0x00000000eec00000)
  from space 5120K, 99% used [0x00000000ef100000,0x00000000ef5feaa8,0x00000000ef600000)
  to   space 5120K, 0% used [0x00000000eec00000,0x00000000eec00000,0x00000000ef100000)
 ParOldGen       total 87552K, used 6436K [0x00000000c0000000, 0x00000000c5580000, 0x00000000eab00000)
  object space 87552K, 7% used [0x00000000c0000000,0x00000000c06493e0,0x00000000c5580000)
 Metaspace       used 6380K, capacity 7192K, committed 7424K, reserved 1056768K
  class space    used 616K, capacity 656K, committed 768K, reserved 1048576K
Event: 3.273 GC heap after
Heap after GC invocations=3 (full 0):
 PSYoungGen      total 71680K, used 5110K [0x00000000eab00000, 0x00000000ef600000, 0x0000000100000000)
  eden space 66560K, 0% used [0x00000000eab00000,0x00000000eab00000,0x00000000eec00000)
  from space 5120K, 99% used [0x00000000eec00000,0x00000000ef0fdad8,0x00000000ef100000)
  to   space 5120K, 0% used [0x00000000ef100000,0x00000000ef100000,0x00000000ef600000)
 ParOldGen       total 87552K, used 16770K [0x00000000c0000000, 0x00000000c5580000, 0x00000000eab00000)
  object space 87552K, 19% used [0x00000000c0000000,0x00000000c1060b00,0x00000000c5580000)
 Metaspace       used 6380K, capacity 7192K, committed 7424K, reserved 1056768K
  class space    used 616K, capacity 656K, committed 768K, reserved 1048576K
}

Deoptimization events (10 events):
Event: 2.269 Thread 0x0000000018175800 Uncommon trap: reason=bimorphic action=maybe_recompile pc=0x0000000003a32b50 method=com.android.dx.ssa.SCCP.setLatticeValueTo(IILcom/android/dx/rop/cst/Constant;)Z @ 43
Event: 2.270 Thread 0x0000000018175800 Uncommon trap: reason=bimorphic action=maybe_recompile pc=0x0000000003a32b50 method=com.android.dx.ssa.SCCP.setLatticeValueTo(IILcom/android/dx/rop/cst/Constant;)Z @ 43
Event: 2.298 Thread 0x0000000018175800 Uncommon trap: reason=bimorphic action=maybe_recompile pc=0x0000000003a32a3c method=com.android.dx.ssa.SCCP.simulatePhi(Lcom/android/dx/ssa/PhiInsn;)V @ 124
Event: 2.299 Thread 0x0000000018175800 Uncommon trap: reason=bimorphic action=maybe_recompile pc=0x0000000003a32a3c method=com.android.dx.ssa.SCCP.simulatePhi(Lcom/android/dx/ssa/PhiInsn;)V @ 124
Event: 2.575 Thread 0x0000000018168000 Uncommon trap: reason=unstable_if action=reinterpret pc=0x00000000038a3d80 method=java.util.HashMap.putVal(ILjava/lang/Object;Ljava/lang/Object;ZZ)Ljava/lang/Object; @ 94
Event: 2.575 Thread 0x0000000018168000 Uncommon trap: reason=bimorphic action=maybe_recompile pc=0x000000000387e6cc method=java.util.HashMap.getNode(ILjava/lang/Object;)Ljava/util/HashMap$Node; @ 126
Event: 2.605 Thread 0x0000000018175000 Uncommon trap: reason=bimorphic action=maybe_recompile pc=0x0000000003a32a3c method=com.android.dx.ssa.SCCP.simulatePhi(Lcom/android/dx/ssa/PhiInsn;)V @ 124
Event: 2.605 Thread 0x0000000018175000 Uncommon trap: reason=bimorphic action=maybe_recompile pc=0x0000000003a32a3c method=com.android.dx.ssa.SCCP.simulatePhi(Lcom/android/dx/ssa/PhiInsn;)V @ 124
Event: 2.806 Thread 0x0000000018163000 Uncommon trap: reason=unstable_if action=reinterpret pc=0x0000000003932bcc method=com.android.dx.ssa.MoveParamCombiner$1.visitNonMoveInsn(Lcom/android/dx/ssa/NormalSsaInsn;)V @ 27
Event: 3.439 Thread 0x0000000018175800 Uncommon trap: reason=bimorphic action=maybe_recompile pc=0x000000000384a14c method=java.util.HashMap.getNode(ILjava/lang/Object;)Ljava/util/HashMap$Node; @ 126

Internal exceptions (2 events):
Event: 0.056 Thread 0x000000000184e000 Exception <a 'java/lang/NoSuchMethodError': Method sun.misc.Unsafe.defineClass(Ljava/lang/String;[BII)Ljava/lang/Class; name or signature does not match> (0x00000000eab07ca8) thrown at [C:\re\workspace\8-2-build-windows-amd64-cygwin\jdk8u151\9699\hotspot\
Event: 0.056 Thread 0x000000000184e000 Exception <a 'java/lang/NoSuchMethodError': Method sun.misc.Unsafe.prefetchRead(Ljava/lang/Object;J)V name or signature does not match> (0x00000000eab07f90) thrown at [C:\re\workspace\8-2-build-windows-amd64-cygwin\jdk8u151\9699\hotspot\src\share\vm\prims

Events (10 events):
Event: 3.439 Thread 0x0000000018175800 DEOPT UNPACKING pc=0x00000000034a582a sp=0x000000001914e690 mode 2
Event: 3.606 Thread 0x0000000018163000 DEOPT PACKING pc=0x0000000003b163e2 sp=0x0000000018d4e9e0
Event: 3.606 Thread 0x0000000018163000 DEOPT UNPACKING pc=0x00000000034a787f sp=0x0000000018d4e700 mode 0
Event: 3.621 loading class java/util/HashMap$KeySet
Event: 3.621 loading class java/util/HashMap$KeySet done
Event: 3.622 loading class java/util/HashMap$KeyIterator
Event: 3.622 loading class java/util/HashMap$KeyIterator done
Event: 3.625 Thread 0x0000000018175000 Thread exited: 0x0000000018175000
Event: 3.625 Thread 0x0000000018163000 Thread exited: 0x0000000018163000
Event: 3.626 Thread 0x0000000018175800 Thread exited: 0x0000000018175800


Dynamic libraries:
0x00007ff790960000 - 0x00007ff790997000 	C:\Program Files\Java\jdk1.8.0_151\bin\java.exe
0x00007ffbf2060000 - 0x00007ffbf2241000 	C:\WINDOWS\SYSTEM32\ntdll.dll
0x00007ffbf1570000 - 0x00007ffbf1622000 	C:\WINDOWS\System32\KERNEL32.DLL
0x00007ffbeece0000 - 0x00007ffbeef53000 	C:\WINDOWS\System32\KERNELBASE.dll
0x00007ffbf1f80000 - 0x00007ffbf2021000 	C:\WINDOWS\System32\ADVAPI32.dll
0x00007ffbf0ce0000 - 0x00007ffbf0d7e000 	C:\WINDOWS\System32\msvcrt.dll
0x00007ffbef820000 - 0x00007ffbef87b000 	C:\WINDOWS\System32\sechost.dll
0x00007ffbef6c0000 - 0x00007ffbef7e4000 	C:\WINDOWS\System32\RPCRT4.dll
0x00007ffbf1090000 - 0x00007ffbf1220000 	C:\WINDOWS\System32\USER32.dll
0x00007ffbeefb0000 - 0x00007ffbeefd0000 	C:\WINDOWS\System32\win32u.dll
0x00007ffbf1630000 - 0x00007ffbf1658000 	C:\WINDOWS\System32\GDI32.dll
0x00007ffbeeb40000 - 0x00007ffbeecd2000 	C:\WINDOWS\System32\gdi32full.dll
0x00007ffbef3d0000 - 0x00007ffbef46f000 	C:\WINDOWS\System32\msvcp_win.dll
0x00007ffbeefd0000 - 0x00007ffbef0ca000 	C:\WINDOWS\System32\ucrtbase.dll
0x00007ffbe0ec0000 - 0x00007ffbe1129000 	C:\WINDOWS\WinSxS\amd64_microsoft.windows.common-controls_6595b64144ccf1df_6.0.17134.112_none_fb3f961b30681c12\COMCTL32.dll
0x00007ffbf1bd0000 - 0x00007ffbf1ef3000 	C:\WINDOWS\System32\combase.dll
0x00007ffbef470000 - 0x00007ffbef4ea000 	C:\WINDOWS\System32\bcryptPrimitives.dll
0x00007ffbef7f0000 - 0x00007ffbef81d000 	C:\WINDOWS\System32\IMM32.DLL
0x0000000065a50000 - 0x0000000065b22000 	C:\Program Files\Java\jdk1.8.0_151\jre\bin\msvcr100.dll
0x0000000062130000 - 0x00000000629cd000 	C:\Program Files\Java\jdk1.8.0_151\jre\bin\server\jvm.dll
0x00007ffbf1b20000 - 0x00007ffbf1b28000 	C:\WINDOWS\System32\PSAPI.DLL
0x00007ffbe7bc0000 - 0x00007ffbe7be3000 	C:\WINDOWS\SYSTEM32\WINMM.dll
0x00007ffbeaba0000 - 0x00007ffbeaba9000 	C:\WINDOWS\SYSTEM32\WSOCK32.dll
0x00007ffbf1660000 - 0x00007ffbf16cc000 	C:\WINDOWS\System32\WS2_32.dll
0x00007ffbe6f10000 - 0x00007ffbe6f1a000 	C:\WINDOWS\SYSTEM32\VERSION.dll
0x00007ffbe7af0000 - 0x00007ffbe7b1a000 	C:\WINDOWS\SYSTEM32\WINMMBASE.dll
0x00007ffbeef60000 - 0x00007ffbeefa9000 	C:\WINDOWS\System32\cfgmgr32.dll
0x0000000065a40000 - 0x0000000065a4f000 	C:\Program Files\Java\jdk1.8.0_151\jre\bin\verify.dll
0x0000000065a10000 - 0x0000000065a39000 	C:\Program Files\Java\jdk1.8.0_151\jre\bin\java.dll
0x00000000659f0000 - 0x0000000065a06000 	C:\Program Files\Java\jdk1.8.0_151\jre\bin\zip.dll
0x00007ffbef8a0000 - 0x00007ffbf0ce0000 	C:\WINDOWS\System32\SHELL32.dll
0x00007ffbf0fe0000 - 0x00007ffbf1089000 	C:\WINDOWS\System32\shcore.dll
0x00007ffbee430000 - 0x00007ffbeeb3d000 	C:\WINDOWS\System32\windows.storage.dll
0x00007ffbf0d80000 - 0x00007ffbf0dd1000 	C:\WINDOWS\System32\shlwapi.dll
0x00007ffbee390000 - 0x00007ffbee3a1000 	C:\WINDOWS\System32\kernel.appcore.dll
0x00007ffbee3b0000 - 0x00007ffbee3cf000 	C:\WINDOWS\System32\profapi.dll
0x00007ffbee3e0000 - 0x00007ffbee42c000 	C:\WINDOWS\System32\powrprof.dll
0x00007ffbee3d0000 - 0x00007ffbee3da000 	C:\WINDOWS\System32\FLTLIB.DLL

VM Arguments:
jvm_args: -Djava.awt.headless=true -Xmx1024M -Dfile.encoding=windows-1252 -Duser.country=US -Duser.language=en -Duser.variant 
java_command: com.android.dx.command.Main --dex --num-threads=4 --output D:\Projects\GPS_LIVE\android\app\build\intermediates\pre-dexed\debug\com.google.android.gms-play-services-base-10.0.1_83b5799c6ff2904b10e9a722001a9dc7addbf6b7.jar D:\Projects\GPS_LIVE\android\app\build\intermediates\exploded-aar\com.google.android.gms\play-services-base\10.0.1\jars\classes.jar
java_class_path (initial): C:\Users\MSI\AppData\Local\Android\Sdk\build-tools\23.0.1\lib\dx.jar
Launcher Type: SUN_STANDARD

Environment Variables:
CLASSPATH=D:\Projects\GPS_LIVE\android\\gradle\wrapper\gradle-wrapper.jar
PATH=C:\Program Files\Git\mingw64\bin;C:\Program Files\Git\usr\bin;C:\Users\MSI\bin;C:\Program Files (x86)\Common Files\Oracle\Java\javapath;C:\ProgramData\Oracle\Java\javapath;C:\Windows\system32;C:\Windows;C:\Windows\System32\Wbem;C:\Windows\System32\WindowsPowerShell\v1.0;C:\Program Files (x86)\NVIDIA Corporation\PhysX\Common;C:\Program Files\Intel\WiFi\bin;C:\Program Files\Common Files\Intel\WirelessCommon;C:\Program Files (x86)\Skype\Phone;C:\WINDOWS\system32;C:\WINDOWS;C:\WINDOWS\System32\Wbem;C:\WINDOWS\System32\WindowsPowerShell\v1.0;C:\WINDOWS\system32\config\systemprofile\.dnx\bin;C:\Program Files\Microsoft DNX\Dnvm;C:\Program Files\Microsoft SQL Server\120\Tools\Binn;C:\WINDOWS\System32\OpenSSH;C:\Program Files\Git\cmd;C:\Program Files\nodejs;C:\ProgramData\chocolatey\bin;C:\Program Files\Java\jdk1.8.0_151;C:\Program Files\Intel\WiFi\bin;C:\Program Files\Common Files\Intel\WirelessCommon;C:\Users\MSI\AppData\Local\Microsoft\WindowsApps;C:\Program Files\Microsoft VS Code\bin;C:\Users\MSI\AppData\Roaming\npm;C:\Program Files\nodejs;C:\Users\MSI\AppData\Local\Android\sdk\platform-tools
USERNAME=MSI
OS=Windows_NT
PROCESSOR_IDENTIFIER=Intel64 Family 6 Model 94 Stepping 3, GenuineIntel



---------------  S Y S T E M  ---------------

OS: Windows 10.0 , 64 bit Build 17134 (10.0.17134.1)

CPU:total 8 (initial active 8) (4 cores per cpu, 2 threads per core) family 6 model 94 stepping 3, cmov, cx8, fxsr, mmx, sse, sse2, sse3, ssse3, sse4.1, sse4.2, popcnt, avx, avx2, aes, clmul, erms, rtm, 3dnowpref, lzcnt, ht, tsc, tscinvbit, bmi1, bmi2, adx

Memory: 4k page, physical 8298016k(938664k free), swap 11688308k(5020k free)

vm_info: Java HotSpot(TM) 64-Bit Server VM (25.151-b12) for windows-amd64 JRE (1.8.0_151-b12), built on Sep  5 2017 19:33:46 by "java_re" with MS VC++ 10.0 (VS2010)

time: Wed Jun 27 16:28:57 2018
elapsed time: 3 seconds (0d 0h 0m 3s)

